<?xml version="1.0" encoding="UTF-8"?>
<!-- Generated by org.testng.reporters.JUnitReportReporter -->
<testsuite skipped="0" hostname="LAPTOP-HP8IAB28" name="org.testng.CrossBrowserss" tests="2" failures="0" timestamp="05 Aug 2020 14:26:49 GMT" time="103.068" errors="0">
  <testcase name="t1" time="54.002" classname="org.testng.CrossBrowserss"/>
  <testcase name="t1" time="49.066" classname="org.testng.CrossBrowserss"/>
</testsuite> <!-- org.testng.CrossBrowserss -->
