<?xml version="1.0" encoding="UTF-8"?>
<!-- Generated by org.testng.reporters.JUnitReportReporter -->
<testsuite skipped="0" hostname="LAPTOP-HP8IAB28" name="org.testng.PriorityClass" tests="3" failures="0" timestamp="10 Aug 2020 13:55:49 GMT" time="29.305" errors="0">
  <testcase name="login" time="7.032" classname="org.testng.PriorityClass"/>
  <testcase name="login" time="11.483" classname="org.testng.PriorityClass"/>
  <testcase name="login" time="10.790" classname="org.testng.PriorityClass"/>
</testsuite> <!-- org.testng.PriorityClass -->
